This is LuaHBTeX, Version 1.22.0 (TeX Live 2026/dev/Arch Linux)  (format=lualatex 2026.1.6)  15 JAN 2026 09:09
 restricted system commands enabled.
 file:line:error style messages enabled.
**/home/Animesh/phys_lab_sem4/up204/semiconductor/report.tex
(/home/Animesh/phys_lab_sem4/up204/semiconductor/report.tex
LaTeX2e <2024-11-01> patch level 2
L3 programming layer <2025-01-18>
Lua module: luaotfload 2024-12-03 v3.29 Lua based OpenType font support
Lua module: lualibs 2023-07-13 v2.76 ConTeXt Lua standard libraries.
Lua module: lualibs-extended 2023-07-13 v2.76 ConTeXt Lua libraries -- extended collection.
luaotfload | conf : Root cache directory is "/home/Animesh/.texlive/texmf-var/luatex-cache/generic/names".
luaotfload | init : Loading fontloader "fontloader-2023-12-28.lua" from kpse-resolved path "/usr/share/texmf-dist/tex/luatex/luaotfload/fontloader-2023-12-28.lua".
Lua-only attribute luaotfload@noligature = 1
luaotfload | init : Context OpenType loader version 3.134
Inserting `luaotfload.node_processor' in `pre_linebreak_filter'.
Inserting `luaotfload.node_processor' in `hpack_filter'.
Inserting `luaotfload.glyph_stream' in `glyph_stream_provider'.
Inserting `luaotfload.define_font' in `define_font'.
Lua-only attribute luaotfload_color_attribute = 2
luaotfload | conf : Root cache directory is "/home/Animesh/.texlive/texmf-var/luatex-cache/generic/names".
Inserting `luaotfload.harf.strip_prefix' in `find_opentype_file'.
Inserting `luaotfload.harf.strip_prefix' in `find_truetype_file'.
Removing  `luaotfload.glyph_stream' from `glyph_stream_provider'.
Inserting `luaotfload.harf.glyphstream' in `glyph_stream_provider'.
Inserting `luaotfload.harf.finalize_vlist' in `post_linebreak_filter'.
Inserting `luaotfload.harf.finalize_hlist' in `hpack_filter'.
Inserting `luaotfload.cleanup_files' in `wrapup_run'.
Inserting `luaotfload.harf.finalize_unicode' in `finish_pdffile'.
Inserting `luaotfload.glyphinfo' in `glyph_info'.
Lua-only attribute luaotfload.letterspace_done = 3
Inserting `luaotfload.aux.set_sscale_dimens' in `luaotfload.patch_font'.
Inserting `luaotfload.aux.set_font_index' in `luaotfload.patch_font'.
Inserting `luaotfload.aux.patch_cambria_domh' in `luaotfload.patch_font'.
Inserting `luaotfload.aux.fixup_fontdata' in `luaotfload.patch_font_unsafe'.
Inserting `luaotfload.aux.set_capheight' in `luaotfload.patch_font'.
Inserting `luaotfload.aux.set_xheight' in `luaotfload.patch_font'.
Inserting `luaotfload.rewrite_fontname' in `luaotfload.patch_font'.
Inserting `tracingstacklevels' in `input_level_string'. (/usr/share/texmf-dist/tex/latex/base/article.cls
Document Class: article 2024/06/29 v1.4n Standard LaTeX document class
(/usr/share/texmf-dist/tex/latex/base/size12.clo
File: size12.clo 2024/06/29 v1.4n Standard LaTeX file (size option)
luaotfload | db : Font names database loaded from /home/Animesh/.texlive/texmf-var/luatex-cache/generic/names/luaotfload-names.luc.gz)
\c@part=\count194
\c@section=\count195
\c@subsection=\count196
\c@subsubsection=\count197
\c@paragraph=\count198
\c@subparagraph=\count199
\c@figure=\count266
\c@table=\count267
\abovecaptionskip=\skip49
\belowcaptionskip=\skip50
\bibindent=\dimen140
) (/usr/share/texmf-dist/tex/latex/graphics/graphicx.sty
Package: graphicx 2021/09/16 v1.2d Enhanced LaTeX Graphics (DPC,SPQR)
 (/usr/share/texmf-dist/tex/latex/graphics/keyval.sty
Package: keyval 2022/05/29 v1.15 key=value parser (DPC)
\KV@toks@=\toks17
) (/usr/share/texmf-dist/tex/latex/graphics/graphics.sty
Package: graphics 2024/08/06 v1.4g Standard LaTeX Graphics (DPC,SPQR)
 (/usr/share/texmf-dist/tex/latex/graphics/trig.sty
Package: trig 2023/12/02 v1.11 sin cos tan (DPC)
) (/usr/share/texmf-dist/tex/latex/graphics-cfg/graphics.cfg
File: graphics.cfg 2016/06/04 v1.11 sample graphics configuration
)
Package graphics Info: Driver file: luatex.def on input line 106.
 (/usr/share/texmf-dist/tex/latex/graphics-def/luatex.def
File: luatex.def 2024/04/13 v1.2e Graphics/color driver for luatex
))
\Gin@req@height=\dimen141
\Gin@req@width=\dimen142
) (/usr/share/texmf-dist/tex/latex/amsmath/amsmath.sty
Package: amsmath 2024/11/05 v2.17t AMS math features
\@mathmargin=\skip51

For additional information on amsmath, use the `?' option.
(/usr/share/texmf-dist/tex/latex/amsmath/amstext.sty
Package: amstext 2021/08/26 v2.01 AMS text
 (/usr/share/texmf-dist/tex/latex/amsmath/amsgen.sty
File: amsgen.sty 1999/11/30 v2.0 generic functions
\@emptytoks=\toks18
\ex@=\dimen143
)) (/usr/share/texmf-dist/tex/latex/amsmath/amsbsy.sty
Package: amsbsy 1999/11/29 v1.2d Bold Symbols
\pmbraise@=\dimen144
) (/usr/share/texmf-dist/tex/latex/amsmath/amsopn.sty
Package: amsopn 2022/04/08 v2.04 operator names
)
\inf@bad=\count268
LaTeX Info: Redefining \frac on input line 235.
\uproot@=\count269
\leftroot@=\count270
LaTeX Info: Redefining \overline on input line 398.
LaTeX Info: Redefining \colon on input line 409.
\classnum@=\count271
\DOTSCASE@=\count272
LaTeX Info: Redefining \ldots on input line 495.
LaTeX Info: Redefining \dots on input line 498.
LaTeX Info: Redefining \cdots on input line 619.
\Mathstrutbox@=\box52
\strutbox@=\box53
LaTeX Info: Redefining \big on input line 721.
LaTeX Info: Redefining \Big on input line 722.
LaTeX Info: Redefining \bigg on input line 723.
LaTeX Info: Redefining \Bigg on input line 724.
\big@size=\dimen145
LaTeX Font Info:    Redeclaring font encoding OML on input line 742.
LaTeX Font Info:    Redeclaring font encoding OMS on input line 743.
\macc@depth=\count273
LaTeX Info: Redefining \bmod on input line 904.
LaTeX Info: Redefining \pmod on input line 909.
LaTeX Info: Redefining \smash on input line 939.
LaTeX Info: Redefining \relbar on input line 969.
LaTeX Info: Redefining \Relbar on input line 970.
\c@MaxMatrixCols=\count274
\dotsspace@=\muskip17
\c@parentequation=\count275
\dspbrk@lvl=\count276
\tag@help=\toks19
\row@=\count277
\column@=\count278
\maxfields@=\count279
\andhelp@=\toks20
\eqnshift@=\dimen146
\alignsep@=\dimen147
\tagshift@=\dimen148
\tagwidth@=\dimen149
\totwidth@=\dimen150
\lineht@=\dimen151
\@envbody=\toks21
\multlinegap=\skip52
\multlinetaggap=\skip53
\mathdisplay@stack=\toks22
LaTeX Info: Redefining \[ on input line 2953.
LaTeX Info: Redefining \] on input line 2954.
) (/usr/share/texmf-dist/tex/latex/geometry/geometry.sty
Package: geometry 2020/01/02 v5.9 Page Geometry
 (/usr/share/texmf-dist/tex/generic/iftex/ifvtex.sty
Package: ifvtex 2019/10/25 v1.7 ifvtex legacy package. Use iftex instead.
 (/usr/share/texmf-dist/tex/generic/iftex/iftex.sty
Package: iftex 2024/12/12 v1.0g TeX engine tests
))
\Gm@cnth=\count280
\Gm@cntv=\count281
\c@Gm@tempcnt=\count282
\Gm@bindingoffset=\dimen152
\Gm@wd@mp=\dimen153
\Gm@odd@mp=\dimen154
\Gm@even@mp=\dimen155
\Gm@layoutwidth=\dimen156
\Gm@layoutheight=\dimen157
\Gm@layouthoffset=\dimen158
\Gm@layoutvoffset=\dimen159
\Gm@dimlist=\toks23
) (/usr/share/texmf-dist/tex/latex/float/float.sty
Package: float 2001/11/08 v1.3d Float enhancements (AL)
\c@float@type=\count283
\float@exts=\toks24
\float@box=\box54
\@float@everytoks=\toks25
\@floatcapt=\box55
) (/usr/share/texmf-dist/tex/latex/booktabs/booktabs.sty
Package: booktabs 2020/01/12 v1.61803398 Publication quality tables
\heavyrulewidth=\dimen160
\lightrulewidth=\dimen161
\cmidrulewidth=\dimen162
\belowrulesep=\dimen163
\belowbottomsep=\dimen164
\aboverulesep=\dimen165
\abovetopsep=\dimen166
\cmidrulesep=\dimen167
\cmidrulekern=\dimen168
\defaultaddspace=\dimen169
\@cmidla=\count284
\@cmidlb=\count285
\@aboverulesep=\dimen170
\@belowrulesep=\dimen171
\@thisruleclass=\count286
\@lastruleclass=\count287
\@thisrulewidth=\dimen172
) (/usr/share/texmf-dist/tex/latex/caption/caption.sty
Package: caption 2023/08/05 v3.6o Customizing captions (AR)
 (/usr/share/texmf-dist/tex/latex/caption/caption3.sty
Package: caption3 2023/07/31 v2.4d caption3 kernel (AR)
\caption@tempdima=\dimen173
\captionmargin=\dimen174
\caption@leftmargin=\dimen175
\caption@rightmargin=\dimen176
\caption@width=\dimen177
\caption@indent=\dimen178
\caption@parindent=\dimen179
\caption@hangindent=\dimen180
Package caption Info: Standard document class detected.
)
\c@caption@flags=\count288
\c@continuedfloat=\count289
Package caption Info: float package is loaded.
) (/usr/share/texmf-dist/tex/latex/l3backend/l3backend-luatex.def
File: l3backend-luatex.def 2024-05-08 L3 backend support: PDF output (LuaTeX)
\l__color_backend_stack_int=\count290
Inserting `l3color' in `luaotfload.parse_color'.
\l__pdf_internal_box=\box56
) (./report.aux)
\openout1 = report.aux

LaTeX Font Info:    Checking defaults for OML/cmm/m/it on input line 12.
LaTeX Font Info:    ... okay on input line 12.
LaTeX Font Info:    Checking defaults for OMS/cmsy/m/n on input line 12.
LaTeX Font Info:    ... okay on input line 12.
LaTeX Font Info:    Checking defaults for OT1/cmr/m/n on input line 12.
LaTeX Font Info:    ... okay on input line 12.
LaTeX Font Info:    Checking defaults for T1/cmr/m/n on input line 12.
LaTeX Font Info:    ... okay on input line 12.
LaTeX Font Info:    Checking defaults for TS1/cmr/m/n on input line 12.
LaTeX Font Info:    ... okay on input line 12.
LaTeX Font Info:    Checking defaults for TU/lmr/m/n on input line 12.
LaTeX Font Info:    ... okay on input line 12.
LaTeX Font Info:    Checking defaults for OMX/cmex/m/n on input line 12.
LaTeX Font Info:    ... okay on input line 12.
LaTeX Font Info:    Checking defaults for U/cmr/m/n on input line 12.
LaTeX Font Info:    ... okay on input line 12.
 (/usr/share/texmf-dist/tex/context/base/mkii/supp-pdf.mkii
[Loading MPS to PDF converter (version 2006.09.02).]
\scratchcounter=\count291
\scratchdimen=\dimen181
\scratchbox=\box57
\nofMPsegments=\count292
\nofMParguments=\count293
\everyMPshowfont=\toks26
\MPscratchCnt=\count294
\MPscratchDim=\dimen182
\MPnumerator=\count295
\makeMPintoPDFobject=\count296
\everyMPtoPDFconversion=\toks27
) (/usr/share/texmf-dist/tex/latex/epstopdf-pkg/epstopdf-base.sty
Package: epstopdf-base 2020-01-24 v2.11 Base part for package epstopdf
Package epstopdf-base Info: Redefining graphics rule for `.eps' on input line 485.
 (/usr/share/texmf-dist/tex/latex/latexconfig/epstopdf-sys.cfg
File: epstopdf-sys.cfg 2010/07/13 v1.3 Configuration of (r)epstopdf for TeX Live
))
*geometry* driver: auto-detecting
*geometry* detected driver: luatex
*geometry* verbose mode - [ preamble ] result:
* driver: luatex
* paper: a4paper
* layout: <same size as paper>
* layoutoffset:(h,v)=(0.0pt,0.0pt)
* modes: 
* h-part:(L,W,R)=(72.26999pt, 452.9679pt, 72.26999pt)
* v-part:(T,H,B)=(72.26999pt, 700.50687pt, 72.26999pt)
* \paperwidth=597.50787pt
* \paperheight=845.04684pt
* \textwidth=452.9679pt
* \textheight=700.50687pt
* \oddsidemargin=0.0pt
* \evensidemargin=0.0pt
* \topmargin=-37.0pt
* \headheight=12.0pt
* \headsep=25.0pt
* \topskip=12.0pt
* \footskip=30.0pt
* \marginparwidth=35.0pt
* \marginparsep=10.0pt
* \columnsep=10.0pt
* \skip\footins=10.8pt plus 4.0pt minus 2.0pt
* \hoffset=0.0pt
* \voffset=0.0pt
* \mag=1000
* \@twocolumnfalse
* \@twosidefalse
* \@mparswitchfalse
* \@reversemarginfalse
* (1in=72.27pt=25.4mm, 1cm=28.453pt)

Package caption Info: Begin \AtBeginDocument code.
Package caption Info: End \AtBeginDocument code.


[1

{/var/lib/texmf/fonts/map/pdftex/updmap/pdftex.map}]
</home/Animesh/phys_lab_sem4/up204/semiconductor/prelab/prelab_1.jpg, id=9, 1883.035pt x 2479.2625pt>
File: /home/Animesh/phys_lab_sem4/up204/semiconductor/prelab/prelab_1.jpg Graphic file (type jpg)
<use /home/Animesh/phys_lab_sem4/up204/semiconductor/prelab/prelab_1.jpg>
Package luatex.def Info: /home/Animesh/phys_lab_sem4/up204/semiconductor/prelab/prelab_1.jpg  used on input line 36.
(luatex.def)             Requested size: 407.66833pt x 536.73843pt.
</home/Animesh/phys_lab_sem4/up204/semiconductor/prelab/prelab_2.jpg, id=10, 1884.03876pt x 2462.19875pt>
File: /home/Animesh/phys_lab_sem4/up204/semiconductor/prelab/prelab_2.jpg Graphic file (type jpg)
<use /home/Animesh/phys_lab_sem4/up204/semiconductor/prelab/prelab_2.jpg>
Package luatex.def Info: /home/Animesh/phys_lab_sem4/up204/semiconductor/prelab/prelab_2.jpg  used on input line 40.
(luatex.def)             Requested size: 407.66833pt x 532.74373pt.


[1</home/Animesh/phys_lab_sem4/up204/semiconductor/prelab/prelab_1.jpg>]
<graphs/1N4007for.png, id=14, 578.16pt x 433.62pt>
File: graphs/1N4007for.png Graphic file (type png)
<use graphs/1N4007for.png>
Package luatex.def Info: graphs/1N4007for.png  used on input line 49.
(luatex.def)             Requested size: 317.07614pt x 237.80362pt.


[2</home/Animesh/phys_lab_sem4/up204/semiconductor/prelab/prelab_2.jpg>]
<graphs/1N4007for_log.png, id=18, 578.16pt x 433.62pt>
File: graphs/1N4007for_log.png Graphic file (type png)
<use graphs/1N4007for_log.png>
Package luatex.def Info: graphs/1N4007for_log.png  used on input line 55.
(luatex.def)             Requested size: 317.07614pt x 237.80362pt.
<graphs/1N4148for.png, id=19, 578.16pt x 433.62pt>
File: graphs/1N4148for.png Graphic file (type png)
<use graphs/1N4148for.png>
Package luatex.def Info: graphs/1N4148for.png  used on input line 61.
(luatex.def)             Requested size: 317.07614pt x 237.80362pt.


[3<./graphs/1N4007for.png><./graphs/1N4007for_log.png>]
<graphs/1N4148for_log.png, id=25, 578.16pt x 433.62pt>
File: graphs/1N4148for_log.png Graphic file (type png)
<use graphs/1N4148for_log.png>
Package luatex.def Info: graphs/1N4148for_log.png  used on input line 67.
(luatex.def)             Requested size: 317.07614pt x 237.80362pt.
<graphs/beivch.png, id=26, 578.16pt x 433.62pt>
File: graphs/beivch.png Graphic file (type png)
<use graphs/beivch.png>
Package luatex.def Info: graphs/beivch.png  used on input line 75.
(luatex.def)             Requested size: 317.07614pt x 237.80362pt.


[4<./graphs/1N4148for.png><./graphs/1N4148for_log.png>]
<graphs/beivch_log.png, id=32, 578.16pt x 433.62pt>
File: graphs/beivch_log.png Graphic file (type png)
<use graphs/beivch_log.png>
Package luatex.def Info: graphs/beivch_log.png  used on input line 81.
(luatex.def)             Requested size: 317.07614pt x 237.80362pt.
<graphs/bcivch.png, id=33, 578.16pt x 433.62pt>
File: graphs/bcivch.png Graphic file (type png)
<use graphs/bcivch.png>
Package luatex.def Info: graphs/bcivch.png  used on input line 87.
(luatex.def)             Requested size: 317.07614pt x 237.80362pt.


[5<./graphs/beivch.png><./graphs/beivch_log.png>]
<graphs/bcivch_log.png, id=39, 578.16pt x 433.62pt>
File: graphs/bcivch_log.png Graphic file (type png)
<use graphs/bcivch_log.png>
Package luatex.def Info: graphs/bcivch_log.png  used on input line 93.
(luatex.def)             Requested size: 317.07614pt x 237.80362pt.
<graphs/irled1.png, id=40, 578.16pt x 433.62pt>
File: graphs/irled1.png Graphic file (type png)
<use graphs/irled1.png>
Package luatex.def Info: graphs/irled1.png  used on input line 102.
(luatex.def)             Requested size: 317.07614pt x 237.80362pt.
<graphs/irled1_log.png, id=41, 578.16pt x 433.62pt>
File: graphs/irled1_log.png Graphic file (type png)
<use graphs/irled1_log.png>
Package luatex.def Info: graphs/irled1_log.png  used on input line 107.
(luatex.def)             Requested size: 317.07614pt x 237.80362pt.


[6<./graphs/bcivch.png><./graphs/bcivch_log.png>]
<graphs/redled.png, id=47, 578.16pt x 433.62pt>
File: graphs/redled.png Graphic file (type png)
<use graphs/redled.png>
Package luatex.def Info: graphs/redled.png  used on input line 114.
(luatex.def)             Requested size: 317.07614pt x 237.80362pt.
<graphs/redled_log.png, id=48, 578.16pt x 433.62pt>
File: graphs/redled_log.png Graphic file (type png)
<use graphs/redled_log.png>
Package luatex.def Info: graphs/redled_log.png  used on input line 119.
(luatex.def)             Requested size: 317.07614pt x 237.80362pt.


[7<./graphs/irled1.png><./graphs/irled1_log.png>]
<graphs/greled.png, id=54, 578.16pt x 433.62pt>
File: graphs/greled.png Graphic file (type png)
<use graphs/greled.png>
Package luatex.def Info: graphs/greled.png  used on input line 126.
(luatex.def)             Requested size: 317.07614pt x 237.80362pt.
<graphs/greled_log.png, id=55, 578.16pt x 433.62pt>
File: graphs/greled_log.png Graphic file (type png)
<use graphs/greled_log.png>
Package luatex.def Info: graphs/greled_log.png  used on input line 131.
(luatex.def)             Requested size: 317.07614pt x 237.80362pt.


[8<./graphs/redled.png><./graphs/redled_log.png>]
<graphs/bluled.png, id=61, 578.16pt x 433.62pt>
File: graphs/bluled.png Graphic file (type png)
<use graphs/bluled.png>
Package luatex.def Info: graphs/bluled.png  used on input line 138.
(luatex.def)             Requested size: 317.07614pt x 237.80362pt.
<graphs/bluled_log.png, id=62, 578.16pt x 433.62pt>
File: graphs/bluled_log.png Graphic file (type png)
<use graphs/bluled_log.png>
Package luatex.def Info: graphs/bluled_log.png  used on input line 143.
(luatex.def)             Requested size: 317.07614pt x 237.80362pt.


[9<./graphs/greled.png><./graphs/greled_log.png>]
<graphs/uvled.png, id=68, 578.16pt x 433.62pt>
File: graphs/uvled.png Graphic file (type png)
<use graphs/uvled.png>
Package luatex.def Info: graphs/uvled.png  used on input line 150.
(luatex.def)             Requested size: 317.07614pt x 237.80362pt.
<graphs/uvled_log.png, id=69, 578.16pt x 433.62pt>
File: graphs/uvled_log.png Graphic file (type png)
<use graphs/uvled_log.png>
Package luatex.def Info: graphs/uvled_log.png  used on input line 155.
(luatex.def)             Requested size: 317.07614pt x 237.80362pt.


[10<./graphs/bluled.png><./graphs/bluled_log.png>]
<graphs/020Ic.png, id=76, 578.16pt x 433.62pt>
File: graphs/020Ic.png Graphic file (type png)
<use graphs/020Ic.png>
Package luatex.def Info: graphs/020Ic.png  used on input line 163.
(luatex.def)             Requested size: 317.07614pt x 237.80362pt.


[11<./graphs/uvled.png><./graphs/uvled_log.png>]
<graphs/040Ic.png, id=82, 578.16pt x 433.62pt>
File: graphs/040Ic.png Graphic file (type png)
<use graphs/040Ic.png>
Package luatex.def Info: graphs/040Ic.png  used on input line 169.
(luatex.def)             Requested size: 317.07614pt x 237.80362pt.
<graphs/060Ic.png, id=83, 578.16pt x 433.62pt>
File: graphs/060Ic.png Graphic file (type png)
<use graphs/060Ic.png>
Package luatex.def Info: graphs/060Ic.png  used on input line 175.
(luatex.def)             Requested size: 317.07614pt x 237.80362pt.


[12<./graphs/020Ic.png><./graphs/040Ic.png>]
<graphs/080Ic.png, id=92, 578.16pt x 433.62pt>
File: graphs/080Ic.png Graphic file (type png)
<use graphs/080Ic.png>
Package luatex.def Info: graphs/080Ic.png  used on input line 181.
(luatex.def)             Requested size: 317.07614pt x 237.80362pt.


[13<./graphs/060Ic.png><./graphs/080Ic.png>]

[14]

[15] (./report.aux)
 ***********
LaTeX2e <2024-11-01> patch level 2
L3 programming layer <2025-01-18>
 ***********
)

Here is how much of LuaTeX's memory you used:
 4358 strings out of 475506
 100000,552014 words of node,token memory allocated
 505 words of node memory still in use:
   6 hlist, 2 vlist, 2 rule, 2 glue, 4 kern, 1 glyph, 10 attribute, 53 glue_spec, 10 attribute_list, 1 write nodes
   avail lists: 2:744,3:88,4:9,5:206,6:29,7:4967,8:35,9:466,10:8,11:273
 27277 multiletter control sequences out of 65536+600000
 48 fonts using 3399903 bytes
 57i,10n,62p,494b,375s stack positions out of 10000i,1000n,20000p,200000b,200000s
</usr/share/texmf-dist/fonts/opentype/public/lm/lmroman12-regular.otf></usr/share/texmf-dist/fonts/opentype/public/lm/lmroman17-regular.otf></usr/share/texmf-dist/fonts/opentype/public/lm/lmroman12-bold.otf></usr/share/texmf-dist/fonts/type1/public/amsfonts/cm/cmmi10.pfb></usr/share/texmf-dist/fonts/type1/public/amsfonts/cm/cmmi12.pfb></usr/share/texmf-dist/fonts/type1/public/amsfonts/cm/cmmi8.pfb></usr/share/texmf-dist/fonts/type1/public/amsfonts/cm/cmr12.pfb></usr/share/texmf-dist/fonts/type1/public/amsfonts/cm/cmr8.pfb></usr/share/texmf-dist/fonts/type1/public/amsfonts/cm/cmsy10.pfb></usr/share/texmf-dist/fonts/type1/public/amsfonts/cm/cmsy8.pfb>
Output written on report.pdf (16 pages, 1371990 bytes).

PDF statistics: 150 PDF objects out of 1000 (max. 8388607)
 69 compressed objects within 1 object stream
 0 named destinations out of 1000 (max. 131072)
 1 words of extra memory for PDF output out of 10000 (max. 100000000)

